2020-09-30 13:50:15.988   WARN 840 --- [getUserDbConfig:305] util.CommonUtils : 用户数据库配置文件不存在！
2020-09-30 13:50:15.995   INFO 847 --- [getUserDatabaseConfig:260] util.CommonUtils : 无法获取用户数据库配置信息！
2020-09-30 13:50:15.995   WARN 847 --- [getUserParamConfig:347] util.CommonUtils : 用户参数配置文件不存在！
2020-09-30 13:50:16.294   INFO 1146 --- [initLog4j:1567] util.CommonUtils : 生成用户Log4j日志配置文件成功！
2020-09-30 13:50:16.324   INFO 1176 --- [initLog4j:1577] util.CommonUtils : 初始化Log4j配置上下文成功！
2020-09-30 13:50:16.324   INFO 1176 --- [main:1354] ui.TableGoUI : 当前系统的Java版本：1.8.0_261
2020-09-30 13:50:17.164   INFO 2016 --- [<init>:154] ui.TableGoUI : TableGo界面初始化开始……
2020-09-30 13:50:17.316   INFO 2168 --- [<init>:156] ui.TableGoUI : TableGo界面初始化结束……
2020-09-30 13:50:17.317   INFO 2169 --- [<init>:158] ui.TableGoUI : 动态加载数据库Jar包开始……
2020-09-30 13:50:17.318   INFO 2170 --- [loadJarFile:75] util.JarLoaderUtils : 动态加载Jar包：E:\resource\TableGo_20200520\TableGo_20200520\lib\db\mariadb-java-client-2.5.2.jar
2020-09-30 13:50:17.318   INFO 2170 --- [loadJarFile:75] util.JarLoaderUtils : 动态加载Jar包：E:\resource\TableGo_20200520\TableGo_20200520\lib\db\mssql-jdbc-7.4.1.jre8.jar
2020-09-30 13:50:17.319   INFO 2171 --- [loadJarFile:75] util.JarLoaderUtils : 动态加载Jar包：E:\resource\TableGo_20200520\TableGo_20200520\lib\db\mysql-connector-java-5.1.48.jar
2020-09-30 13:50:17.319   INFO 2171 --- [loadJarFile:75] util.JarLoaderUtils : 动态加载Jar包：E:\resource\TableGo_20200520\TableGo_20200520\lib\db\ojdbc8-12.2.0.1.0.jar
2020-09-30 13:50:17.319   INFO 2171 --- [loadJarFile:75] util.JarLoaderUtils : 动态加载Jar包：E:\resource\TableGo_20200520\TableGo_20200520\lib\db\postgresql-42.2.9.jar
2020-09-30 13:50:17.319   INFO 2171 --- [<init>:163] ui.TableGoUI : 动态加载数据库Jar包结束……
2020-09-30 13:50:17.319   INFO 2171 --- [<init>:165] ui.TableGoUI : 初始化用户自定义配置文件开始……
2020-09-30 13:50:17.321   INFO 2173 --- [initUserConfig:149] util.CommonUtils : 生成用户数据库配置文件成功！
2020-09-30 13:50:17.327   INFO 2179 --- [initUserConfig:183] util.CommonUtils : 生成用户参数配置文件成功！
2020-09-30 13:50:17.332   INFO 2184 --- [<init>:167] ui.TableGoUI : 初始化用户自定义配置文件结束……
2020-09-30 13:54:17.886   INFO 242738 --- [run:131] util.UiCommonUtils : 数据库（MySQL 5.7.31）连接成功！
2020-09-30 13:54:36.395   INFO 261247 --- [run:131] util.UiCommonUtils : 数据库（MySQL 5.7.31）连接成功！
2020-09-30 13:54:49.033   INFO 273885 --- [getDataSource:1305] util.UiCommonUtils : 获取数据源开始……
2020-09-30 13:54:49.040   INFO 273892 --- [getDataSource:1318] util.UiCommonUtils : 获取数据源结束……
2020-09-30 13:54:49.043   INFO 273895 --- [getTableNames:439] util.TableInfoUtils : 数据库: MySQL
2020-09-30 13:54:49.043   INFO 273895 --- [getTableNames:440] util.TableInfoUtils : 数据库版本: 5.7.31
2020-09-30 13:54:49.052   INFO 273904 --- [getTableNames:469] util.TableInfoUtils : 共查询到 1 张表的表名……
2020-09-30 13:54:59.686   INFO 284538 --- [windowClosing:150] ui.ui.BuildModelDialogUI : 生成数据模型窗口关闭事件开始……
2020-09-30 13:54:59.687   INFO 284539 --- [saveUiConfig:313] ui.ui.BuildModelDialogUI : 保存生成数据模型界面用户参数配置文件开始……
2020-09-30 13:54:59.698   INFO 284550 --- [saveUiConfig:351] ui.ui.BuildModelDialogUI : 保存生成数据模型界面用户参数配置文件结束……
2020-09-30 13:54:59.699   INFO 284551 --- [windowClosing:168] ui.ui.BuildModelDialogUI : 生成数据模型窗口关闭事件结束……
2020-09-30 13:55:16.189   INFO 301041 --- [getUserCustomTemplate:1432] util.CommonUtils : 获取用户自定义模板文件开始……
2020-09-30 13:55:16.189   INFO 301041 --- [getUserCustomTemplate:1439] util.CommonUtils : ftlFilePath：E:\resource\TableGo_20200520\TableGo_20200520\ftl\SpringBoot项目工程模板
2020-09-30 13:55:16.190   INFO 301042 --- [getUserCustomTemplate:1460] util.CommonUtils : ftlFileList：[E:\resource\TableGo_20200520\TableGo_20200520\ftl\SpringBoot项目工程模板\pom[xml].ftl]
2020-09-30 13:55:16.191   INFO 301043 --- [getUserCustomTemplate:1461] util.CommonUtils : 获取用户自定义模板文件结束……
2020-09-30 13:55:25.180   INFO 310032 --- [buildCustomFileBtnActionPerformed:215] ui.ui.BuildCustomFileDialogUI : 根据模板生成自定义文件开始……
2020-09-30 13:55:25.186   INFO 310038 --- [getPoolDataSource:1333] util.UiCommonUtils : 获取数据源开始……
2020-09-30 13:55:25.201   INFO 310053 --- [getPoolDataSource:1346] util.UiCommonUtils : 获取数据源结束……
2020-09-30 13:55:25.253   INFO 310105 --- [getTableNames:439] util.TableInfoUtils : 数据库: MySQL
2020-09-30 13:55:25.253   INFO 310105 --- [getTableNames:440] util.TableInfoUtils : 数据库版本: 5.7.31
2020-09-30 13:55:25.254   INFO 310106 --- [getTableNames:469] util.TableInfoUtils : 共查询到 1 张表的表名……
2020-09-30 13:55:25.254   INFO 310106 --- [getTableInfos:164] util.TableInfoUtils : 收集 member 表信息开始，当前线程:Thread-11
2020-09-30 13:55:25.263   INFO 310115 --- [getTableInfos:381] util.TableInfoUtils : 收集 member 表信息结束，共 3 个字段，当前线程:Thread-11
2020-09-30 13:55:25.263   INFO 310115 --- [getTableInfos:389] util.TableInfoUtils : 共收集到 1 张表的信息，当前线程:Thread-11
2020-09-30 13:55:25.263   INFO 310115 --- [setFieldExtendInfo:1218] util.TableInfoUtils : 收集 member 表字段扩展信息开始，当前线程:Thread-11
2020-09-30 13:55:25.269   INFO 310121 --- [setFieldExtendInfo:1301] util.TableInfoUtils : 收集 member 表字段扩展信息结束，当前线程:Thread-11
2020-09-30 13:55:25.315   INFO 310167 --- [createCustomFile:536] build.CustomFileBuilder : 根据模板生成自定义文件开始，当前线程:Thread-11
2020-09-30 13:55:25.389   INFO 310241 --- [saveFileByTemplate:994] util.CommonUtils : 保存模板 pom[xml].ftl 生成的文件 pom.xml 成功(新增)，当前线程:Thread-11
2020-09-30 13:55:25.393   INFO 310245 --- [createCustomFile:787] build.CustomFileBuilder : 根据模板生成自定义文件结束，共保存 1 个文件，当前线程:Thread-11
2020-09-30 13:55:25.393   INFO 310245 --- [build:446] build.CustomFileBuilder : 文件保存目录：E:\resource\TableGo_20200520\TableGo_20200520\CustomFile\pom[xml]
2020-09-30 13:55:25.485   INFO 310337 --- [run:465] ui.ui.BuildCustomFileDialogUI : 根据模板生成自定义文件完成，共处理 1 张表，新增 1 个文件，耗时 0.300 秒钟！
2020-09-30 13:55:30.592   INFO 315444 --- [buildCustomFileBtnActionPerformed:215] ui.ui.BuildCustomFileDialogUI : 根据模板生成自定义文件开始……
2020-09-30 13:55:30.594   INFO 315446 --- [getPoolDataSource:1333] util.UiCommonUtils : 获取数据源开始……
2020-09-30 13:55:30.611   INFO 315463 --- [getPoolDataSource:1346] util.UiCommonUtils : 获取数据源结束……
2020-09-30 13:55:30.618   INFO 315470 --- [getTableNames:439] util.TableInfoUtils : 数据库: MySQL
2020-09-30 13:55:30.618   INFO 315470 --- [getTableNames:440] util.TableInfoUtils : 数据库版本: 5.7.31
2020-09-30 13:55:30.619   INFO 315471 --- [getTableNames:469] util.TableInfoUtils : 共查询到 1 张表的表名……
2020-09-30 13:55:30.619   INFO 315471 --- [getTableInfos:164] util.TableInfoUtils : 收集 member 表信息开始，当前线程:Thread-12
2020-09-30 13:55:30.624   INFO 315476 --- [getTableInfos:381] util.TableInfoUtils : 收集 member 表信息结束，共 3 个字段，当前线程:Thread-12
2020-09-30 13:55:30.624   INFO 315476 --- [getTableInfos:389] util.TableInfoUtils : 共收集到 1 张表的信息，当前线程:Thread-12
2020-09-30 13:55:30.625   INFO 315477 --- [setFieldExtendInfo:1218] util.TableInfoUtils : 收集 member 表字段扩展信息开始，当前线程:Thread-12
2020-09-30 13:55:30.628   INFO 315480 --- [setFieldExtendInfo:1301] util.TableInfoUtils : 收集 member 表字段扩展信息结束，当前线程:Thread-12
2020-09-30 13:55:30.634   INFO 315486 --- [createCustomFile:536] build.CustomFileBuilder : 根据模板生成自定义文件开始，当前线程:Thread-12
2020-09-30 13:55:30.640   INFO 315492 --- [saveFileByTemplate:981] util.CommonUtils : 保存模板 pom[xml].ftl 生成的文件 pom.xml 成功(覆盖)，当前线程:Thread-12
2020-09-30 13:55:30.641   INFO 315493 --- [createCustomFile:787] build.CustomFileBuilder : 根据模板生成自定义文件结束，共保存 1 个文件，当前线程:Thread-12
2020-09-30 13:55:30.641   INFO 315493 --- [build:446] build.CustomFileBuilder : 文件保存目录：E:\resource\TableGo_20200520\TableGo_20200520\CustomFile\pom[xml]
2020-09-30 13:55:30.715   INFO 315567 --- [run:465] ui.ui.BuildCustomFileDialogUI : 根据模板生成自定义文件完成，共处理 1 张表，覆盖 1 个文件，耗时 0.122 秒钟！
2020-09-30 13:56:34.138   INFO 378990 --- [getUserCustomTemplate:1432] util.CommonUtils : 获取用户自定义模板文件开始……
2020-09-30 13:56:34.139   INFO 378991 --- [getUserCustomTemplate:1439] util.CommonUtils : ftlFilePath：E:\resource\TableGo_20200520\TableGo_20200520\ftl\某项目框架前后端模板示例
2020-09-30 13:56:34.140   INFO 378992 --- [getUserCustomTemplate:1460] util.CommonUtils : ftlFileList：[E:\resource\TableGo_20200520\TableGo_20200520\ftl\某项目框架前后端模板示例\${tableLowerCamelCase}Mapper[xml].ftl, E:\resource\TableGo_20200520\TableGo_20200520\ftl\某项目框架前后端模板示例\${tableLowerCamelCase}[jsp].ftl, E:\resource\TableGo_20200520\TableGo_20200520\ftl\某项目框架前后端模板示例\${tableLowerCamelCase}[js].ftl, E:\resource\TableGo_20200520\TableGo_20200520\ftl\某项目框架前后端模板示例\${tableUpperCamelCase}Controller[java].ftl, E:\resource\TableGo_20200520\TableGo_20200520\ftl\某项目框架前后端模板示例\${tableUpperCamelCase}Entity[java].ftl, E:\resource\TableGo_20200520\TableGo_20200520\ftl\某项目框架前后端模板示例\${tableUpperCamelCase}Service[java].ftl, E:\resource\TableGo_20200520\TableGo_20200520\ftl\某项目框架前后端模板示例\${tableUpperCamelCase}VO[java].ftl]
2020-09-30 13:56:34.142   INFO 378994 --- [getUserCustomTemplate:1461] util.CommonUtils : 获取用户自定义模板文件结束……
2020-09-30 13:56:36.544   INFO 381396 --- [buildCustomFileBtnActionPerformed:215] ui.ui.BuildCustomFileDialogUI : 根据模板生成自定义文件开始……
2020-09-30 13:56:36.547   INFO 381399 --- [getPoolDataSource:1333] util.UiCommonUtils : 获取数据源开始……
2020-09-30 13:56:36.559   INFO 381411 --- [getPoolDataSource:1346] util.UiCommonUtils : 获取数据源结束……
2020-09-30 13:56:36.564   INFO 381416 --- [getTableNames:439] util.TableInfoUtils : 数据库: MySQL
2020-09-30 13:56:36.564   INFO 381416 --- [getTableNames:440] util.TableInfoUtils : 数据库版本: 5.7.31
2020-09-30 13:56:36.564   INFO 381416 --- [getTableNames:469] util.TableInfoUtils : 共查询到 1 张表的表名……
2020-09-30 13:56:36.565   INFO 381417 --- [getTableInfos:164] util.TableInfoUtils : 收集 member 表信息开始，当前线程:Thread-14
2020-09-30 13:56:36.567   INFO 381419 --- [getTableInfos:381] util.TableInfoUtils : 收集 member 表信息结束，共 3 个字段，当前线程:Thread-14
2020-09-30 13:56:36.568   INFO 381420 --- [getTableInfos:389] util.TableInfoUtils : 共收集到 1 张表的信息，当前线程:Thread-14
2020-09-30 13:56:36.568   INFO 381420 --- [setFieldExtendInfo:1218] util.TableInfoUtils : 收集 member 表字段扩展信息开始，当前线程:Thread-14
2020-09-30 13:56:36.570   INFO 381422 --- [setFieldExtendInfo:1301] util.TableInfoUtils : 收集 member 表字段扩展信息结束，当前线程:Thread-14
2020-09-30 13:56:36.575   INFO 381427 --- [createCustomFile:536] build.CustomFileBuilder : 根据模板生成自定义文件开始，当前线程:Thread-14
2020-09-30 13:56:36.657   INFO 381509 --- [saveFileByTemplate:994] util.CommonUtils : 保存模板 ${tableLowerCamelCase}Mapper[xml].ftl 生成的文件 memberMapper.xml 成功(新增)，当前线程:Thread-14
2020-09-30 13:56:36.663   INFO 381515 --- [createCustomFile:787] build.CustomFileBuilder : 根据模板生成自定义文件结束，共保存 1 个文件，当前线程:Thread-14
2020-09-30 13:56:36.665   INFO 381517 --- [createCustomFile:536] build.CustomFileBuilder : 根据模板生成自定义文件开始，当前线程:Thread-14
2020-09-30 13:56:36.689   INFO 381541 --- [saveFileByTemplate:994] util.CommonUtils : 保存模板 ${tableLowerCamelCase}[jsp].ftl 生成的文件 member.jsp 成功(新增)，当前线程:Thread-14
2020-09-30 13:56:36.702   INFO 381554 --- [createCustomFile:787] build.CustomFileBuilder : 根据模板生成自定义文件结束，共保存 1 个文件，当前线程:Thread-14
2020-09-30 13:56:36.703   INFO 381555 --- [createCustomFile:536] build.CustomFileBuilder : 根据模板生成自定义文件开始，当前线程:Thread-14
2020-09-30 13:56:36.716   INFO 381568 --- [saveFileByTemplate:994] util.CommonUtils : 保存模板 ${tableLowerCamelCase}[js].ftl 生成的文件 member.js 成功(新增)，当前线程:Thread-14
2020-09-30 13:56:36.727   INFO 381579 --- [createCustomFile:787] build.CustomFileBuilder : 根据模板生成自定义文件结束，共保存 1 个文件，当前线程:Thread-14
2020-09-30 13:56:36.728   INFO 381580 --- [createCustomFile:536] build.CustomFileBuilder : 根据模板生成自定义文件开始，当前线程:Thread-14
2020-09-30 13:56:36.739   INFO 381591 --- [saveFileByTemplate:994] util.CommonUtils : 保存模板 ${tableUpperCamelCase}Controller[java].ftl 生成的文件 MemberController.java 成功(新增)，当前线程:Thread-14
2020-09-30 13:56:36.751   INFO 381603 --- [createCustomFile:787] build.CustomFileBuilder : 根据模板生成自定义文件结束，共保存 1 个文件，当前线程:Thread-14
2020-09-30 13:56:36.752   INFO 381604 --- [createCustomFile:536] build.CustomFileBuilder : 根据模板生成自定义文件开始，当前线程:Thread-14
2020-09-30 13:56:36.767   INFO 381619 --- [saveFileByTemplate:994] util.CommonUtils : 保存模板 ${tableUpperCamelCase}Entity[java].ftl 生成的文件 MemberEntity.java 成功(新增)，当前线程:Thread-14
2020-09-30 13:56:36.775   INFO 381627 --- [createCustomFile:787] build.CustomFileBuilder : 根据模板生成自定义文件结束，共保存 1 个文件，当前线程:Thread-14
2020-09-30 13:56:36.777   INFO 381629 --- [createCustomFile:536] build.CustomFileBuilder : 根据模板生成自定义文件开始，当前线程:Thread-14
2020-09-30 13:56:36.800   INFO 381652 --- [saveFileByTemplate:994] util.CommonUtils : 保存模板 ${tableUpperCamelCase}Service[java].ftl 生成的文件 MemberService.java 成功(新增)，当前线程:Thread-14
2020-09-30 13:56:36.814   INFO 381666 --- [createCustomFile:787] build.CustomFileBuilder : 根据模板生成自定义文件结束，共保存 1 个文件，当前线程:Thread-14
2020-09-30 13:56:36.816   INFO 381668 --- [createCustomFile:536] build.CustomFileBuilder : 根据模板生成自定义文件开始，当前线程:Thread-14
2020-09-30 13:56:36.825   INFO 381677 --- [saveFileByTemplate:994] util.CommonUtils : 保存模板 ${tableUpperCamelCase}VO[java].ftl 生成的文件 MemberVO.java 成功(新增)，当前线程:Thread-14
2020-09-30 13:56:36.836   INFO 381688 --- [createCustomFile:787] build.CustomFileBuilder : 根据模板生成自定义文件结束，共保存 1 个文件，当前线程:Thread-14
2020-09-30 13:56:36.836   INFO 381688 --- [build:446] build.CustomFileBuilder : 文件保存目录：E:\resource\TableGo_20200520\TableGo_20200520\CustomFile\${tableUpperCamelCase}Entity[java]
2020-09-30 13:56:36.836   INFO 381688 --- [build:446] build.CustomFileBuilder : 文件保存目录：E:\resource\TableGo_20200520\TableGo_20200520\CustomFile\${tableUpperCamelCase}Service[java]
2020-09-30 13:56:36.836   INFO 381688 --- [build:446] build.CustomFileBuilder : 文件保存目录：E:\resource\TableGo_20200520\TableGo_20200520\CustomFile\${tableUpperCamelCase}Controller[java]
2020-09-30 13:56:36.836   INFO 381688 --- [build:446] build.CustomFileBuilder : 文件保存目录：E:\resource\TableGo_20200520\TableGo_20200520\CustomFile\${tableLowerCamelCase}[jsp]
2020-09-30 13:56:36.837   INFO 381689 --- [build:446] build.CustomFileBuilder : 文件保存目录：E:\resource\TableGo_20200520\TableGo_20200520\CustomFile\${tableUpperCamelCase}VO[java]
2020-09-30 13:56:36.837   INFO 381689 --- [build:446] build.CustomFileBuilder : 文件保存目录：E:\resource\TableGo_20200520\TableGo_20200520\CustomFile\${tableLowerCamelCase}[js]
2020-09-30 13:56:36.837   INFO 381689 --- [build:446] build.CustomFileBuilder : 文件保存目录：E:\resource\TableGo_20200520\TableGo_20200520\CustomFile\${tableLowerCamelCase}Mapper[xml]
2020-09-30 13:56:36.943   INFO 381795 --- [run:465] ui.ui.BuildCustomFileDialogUI : 根据模板生成自定义文件完成，共处理 1 张表，新增 7 个文件，耗时 0.398 秒钟！
2020-09-30 13:57:25.885   INFO 430737 --- [windowClosing:193] ui.ui.BuildCustomFileDialogUI : 生成自定义文件窗口关闭事件开始……
2020-09-30 13:57:25.886   INFO 430738 --- [saveUiConfig:704] ui.ui.BuildCustomFileDialogUI : 保存生成自定义文件界面用户参数配置文件开始……
2020-09-30 13:57:25.894   INFO 430746 --- [saveUiConfig:743] ui.ui.BuildCustomFileDialogUI : 保存生成自定义文件界面用户参数配置文件结束……
2020-09-30 13:57:25.895   INFO 430747 --- [windowClosing:195] ui.ui.BuildCustomFileDialogUI : 生成自定义文件窗口关闭事件结束……
2020-09-30 13:57:26.449   INFO 431301 --- [windowClosing:584] ui.TableGoUI : TableGo关闭事件开始……
2020-09-30 13:57:26.449   INFO 431301 --- [saveUserDbConfig:217] util.CommonUtils : 保存用户数据库配置文件开始……
2020-09-30 13:57:26.457   INFO 431309 --- [saveUserDbConfig:251] util.CommonUtils : 保存用户数据库配置文件结束……
2020-09-30 13:57:26.458   INFO 431310 --- [saveUiConfig:1266] ui.TableGoUI : 保存TableGo主界面用户参数配置文件开始……
2020-09-30 13:57:26.466   INFO 431318 --- [saveUiConfig:1324] ui.TableGoUI : 保存TableGo主界面用户参数配置文件结束……
2020-09-30 13:57:26.466   INFO 431318 --- [windowClosing:593] ui.TableGoUI : TableGo关闭事件结束……
2020-09-30 14:00:20.897   INFO 788 --- [initLog4j:1577] util.CommonUtils : 初始化Log4j配置上下文成功！
2020-09-30 14:00:20.900   INFO 791 --- [main:1354] ui.TableGoUI : 当前系统的Java版本：1.8.0_261
2020-09-30 14:00:22.435   INFO 2326 --- [<init>:154] ui.TableGoUI : TableGo界面初始化开始……
2020-09-30 14:00:22.575   INFO 2466 --- [<init>:156] ui.TableGoUI : TableGo界面初始化结束……
2020-09-30 14:00:22.575   INFO 2466 --- [<init>:158] ui.TableGoUI : 动态加载数据库Jar包开始……
2020-09-30 14:00:22.577   INFO 2468 --- [loadJarFile:75] util.JarLoaderUtils : 动态加载Jar包：E:\resource\TableGo_20200520\TableGo_20200520\lib\db\mariadb-java-client-2.5.2.jar
2020-09-30 14:00:22.577   INFO 2468 --- [loadJarFile:75] util.JarLoaderUtils : 动态加载Jar包：E:\resource\TableGo_20200520\TableGo_20200520\lib\db\mssql-jdbc-7.4.1.jre8.jar
2020-09-30 14:00:22.577   INFO 2468 --- [loadJarFile:75] util.JarLoaderUtils : 动态加载Jar包：E:\resource\TableGo_20200520\TableGo_20200520\lib\db\mysql-connector-java-5.1.48.jar
2020-09-30 14:00:22.577   INFO 2468 --- [loadJarFile:75] util.JarLoaderUtils : 动态加载Jar包：E:\resource\TableGo_20200520\TableGo_20200520\lib\db\ojdbc8-12.2.0.1.0.jar
2020-09-30 14:00:22.578   INFO 2469 --- [loadJarFile:75] util.JarLoaderUtils : 动态加载Jar包：E:\resource\TableGo_20200520\TableGo_20200520\lib\db\postgresql-42.2.9.jar
2020-09-30 14:00:22.578   INFO 2469 --- [<init>:163] ui.TableGoUI : 动态加载数据库Jar包结束……
2020-09-30 14:00:22.578   INFO 2469 --- [<init>:165] ui.TableGoUI : 初始化用户自定义配置文件开始……
2020-09-30 14:00:22.579   INFO 2470 --- [<init>:167] ui.TableGoUI : 初始化用户自定义配置文件结束……
2020-09-30 14:01:26.205   INFO 66096 --- [getUserCustomTemplate:1432] util.CommonUtils : 获取用户自定义模板文件开始……
2020-09-30 14:01:26.206   INFO 66097 --- [getUserCustomTemplate:1439] util.CommonUtils : ftlFilePath：E:\resource\TableGo_20200520\TableGo_20200520\ftl\某项目框架前后端模板示例
2020-09-30 14:01:26.207   INFO 66098 --- [getUserCustomTemplate:1460] util.CommonUtils : ftlFileList：[E:\resource\TableGo_20200520\TableGo_20200520\ftl\某项目框架前后端模板示例\${tableLowerCamelCase}Mapper[xml].ftl, E:\resource\TableGo_20200520\TableGo_20200520\ftl\某项目框架前后端模板示例\${tableLowerCamelCase}[jsp].ftl, E:\resource\TableGo_20200520\TableGo_20200520\ftl\某项目框架前后端模板示例\${tableLowerCamelCase}[js].ftl, E:\resource\TableGo_20200520\TableGo_20200520\ftl\某项目框架前后端模板示例\${tableUpperCamelCase}Controller[java].ftl, E:\resource\TableGo_20200520\TableGo_20200520\ftl\某项目框架前后端模板示例\${tableUpperCamelCase}Entity[java].ftl, E:\resource\TableGo_20200520\TableGo_20200520\ftl\某项目框架前后端模板示例\${tableUpperCamelCase}Service[java].ftl, E:\resource\TableGo_20200520\TableGo_20200520\ftl\某项目框架前后端模板示例\${tableUpperCamelCase}VO[java].ftl]
2020-09-30 14:01:26.209   INFO 66100 --- [getUserCustomTemplate:1461] util.CommonUtils : 获取用户自定义模板文件结束……
2020-09-30 14:01:28.608   INFO 68499 --- [buildCustomFileBtnActionPerformed:215] ui.ui.BuildCustomFileDialogUI : 根据模板生成自定义文件开始……
2020-09-30 14:01:28.616   INFO 68507 --- [getPoolDataSource:1333] util.UiCommonUtils : 获取数据源开始……
2020-09-30 14:01:28.960   INFO 68851 --- [getPoolDataSource:1346] util.UiCommonUtils : 获取数据源结束……
2020-09-30 14:01:29.009   INFO 68900 --- [getTableNames:439] util.TableInfoUtils : 数据库: MySQL
2020-09-30 14:01:29.009   INFO 68900 --- [getTableNames:440] util.TableInfoUtils : 数据库版本: 5.7.31
2020-09-30 14:01:29.013   INFO 68904 --- [getTableNames:469] util.TableInfoUtils : 共查询到 1 张表的表名……
2020-09-30 14:01:29.013   INFO 68904 --- [getTableInfos:164] util.TableInfoUtils : 收集 member 表信息开始，当前线程:Thread-6
2020-09-30 14:01:29.023   INFO 68914 --- [getTableInfos:381] util.TableInfoUtils : 收集 member 表信息结束，共 3 个字段，当前线程:Thread-6
2020-09-30 14:01:29.024   INFO 68915 --- [getTableInfos:389] util.TableInfoUtils : 共收集到 1 张表的信息，当前线程:Thread-6
2020-09-30 14:01:29.024   INFO 68915 --- [setFieldExtendInfo:1218] util.TableInfoUtils : 收集 member 表字段扩展信息开始，当前线程:Thread-6
2020-09-30 14:01:29.030   INFO 68921 --- [setFieldExtendInfo:1301] util.TableInfoUtils : 收集 member 表字段扩展信息结束，当前线程:Thread-6
2020-09-30 14:01:29.073   INFO 68964 --- [createCustomFile:536] build.CustomFileBuilder : 根据模板生成自定义文件开始，当前线程:Thread-6
2020-09-30 14:01:29.208   INFO 69099 --- [saveFileByTemplate:994] util.CommonUtils : 保存模板 ${tableLowerCamelCase}Mapper[xml].ftl 生成的文件 memberMapper.xml 成功(新增)，当前线程:Thread-6
2020-09-30 14:01:29.210   INFO 69101 --- [createCustomFile:787] build.CustomFileBuilder : 根据模板生成自定义文件结束，共保存 1 个文件，当前线程:Thread-6
2020-09-30 14:01:29.211   INFO 69102 --- [createCustomFile:536] build.CustomFileBuilder : 根据模板生成自定义文件开始，当前线程:Thread-6
2020-09-30 14:01:29.222   INFO 69113 --- [saveFileByTemplate:994] util.CommonUtils : 保存模板 ${tableLowerCamelCase}[jsp].ftl 生成的文件 member.jsp 成功(新增)，当前线程:Thread-6
2020-09-30 14:01:29.224   INFO 69115 --- [createCustomFile:787] build.CustomFileBuilder : 根据模板生成自定义文件结束，共保存 1 个文件，当前线程:Thread-6
2020-09-30 14:01:29.225   INFO 69116 --- [createCustomFile:536] build.CustomFileBuilder : 根据模板生成自定义文件开始，当前线程:Thread-6
2020-09-30 14:01:29.231   INFO 69122 --- [saveFileByTemplate:994] util.CommonUtils : 保存模板 ${tableLowerCamelCase}[js].ftl 生成的文件 member.js 成功(新增)，当前线程:Thread-6
2020-09-30 14:01:29.232   INFO 69123 --- [createCustomFile:787] build.CustomFileBuilder : 根据模板生成自定义文件结束，共保存 1 个文件，当前线程:Thread-6
2020-09-30 14:01:29.233   INFO 69124 --- [createCustomFile:536] build.CustomFileBuilder : 根据模板生成自定义文件开始，当前线程:Thread-6
2020-09-30 14:01:29.239   INFO 69130 --- [saveFileByTemplate:994] util.CommonUtils : 保存模板 ${tableUpperCamelCase}Controller[java].ftl 生成的文件 MemberController.java 成功(新增)，当前线程:Thread-6
2020-09-30 14:01:29.241   INFO 69132 --- [createCustomFile:787] build.CustomFileBuilder : 根据模板生成自定义文件结束，共保存 1 个文件，当前线程:Thread-6
2020-09-30 14:01:29.242   INFO 69133 --- [createCustomFile:536] build.CustomFileBuilder : 根据模板生成自定义文件开始，当前线程:Thread-6
2020-09-30 14:01:29.256   INFO 69147 --- [saveFileByTemplate:994] util.CommonUtils : 保存模板 ${tableUpperCamelCase}Entity[java].ftl 生成的文件 MemberEntity.java 成功(新增)，当前线程:Thread-6
2020-09-30 14:01:29.263   INFO 69154 --- [createCustomFile:787] build.CustomFileBuilder : 根据模板生成自定义文件结束，共保存 1 个文件，当前线程:Thread-6
2020-09-30 14:01:29.265   INFO 69156 --- [createCustomFile:536] build.CustomFileBuilder : 根据模板生成自定义文件开始，当前线程:Thread-6
2020-09-30 14:01:29.272   INFO 69163 --- [saveFileByTemplate:994] util.CommonUtils : 保存模板 ${tableUpperCamelCase}Service[java].ftl 生成的文件 MemberService.java 成功(新增)，当前线程:Thread-6
2020-09-30 14:01:29.273   INFO 69164 --- [createCustomFile:787] build.CustomFileBuilder : 根据模板生成自定义文件结束，共保存 1 个文件，当前线程:Thread-6
2020-09-30 14:01:29.275   INFO 69166 --- [createCustomFile:536] build.CustomFileBuilder : 根据模板生成自定义文件开始，当前线程:Thread-6
2020-09-30 14:01:29.279   INFO 69170 --- [saveFileByTemplate:994] util.CommonUtils : 保存模板 ${tableUpperCamelCase}VO[java].ftl 生成的文件 MemberVO.java 成功(新增)，当前线程:Thread-6
2020-09-30 14:01:29.284   INFO 69175 --- [createCustomFile:787] build.CustomFileBuilder : 根据模板生成自定义文件结束，共保存 1 个文件，当前线程:Thread-6
2020-09-30 14:01:29.284   INFO 69175 --- [build:446] build.CustomFileBuilder : 文件保存目录：E:\TableGo\fileSavePath
2020-09-30 14:01:29.369   INFO 69260 --- [run:465] ui.ui.BuildCustomFileDialogUI : 根据模板生成自定义文件完成，共处理 1 张表，新增 7 个文件，耗时 0.754 秒钟！
2020-09-30 14:01:32.364   INFO 72255 --- [buildCustomFileBtnActionPerformed:215] ui.ui.BuildCustomFileDialogUI : 根据模板生成自定义文件开始……
2020-09-30 14:01:32.366   INFO 72257 --- [getPoolDataSource:1333] util.UiCommonUtils : 获取数据源开始……
2020-09-30 14:01:32.378   INFO 72269 --- [getPoolDataSource:1346] util.UiCommonUtils : 获取数据源结束……
2020-09-30 14:01:32.388   INFO 72279 --- [getTableNames:439] util.TableInfoUtils : 数据库: MySQL
2020-09-30 14:01:32.388   INFO 72279 --- [getTableNames:440] util.TableInfoUtils : 数据库版本: 5.7.31
2020-09-30 14:01:32.389   INFO 72280 --- [getTableNames:469] util.TableInfoUtils : 共查询到 1 张表的表名……
2020-09-30 14:01:32.389   INFO 72280 --- [getTableInfos:164] util.TableInfoUtils : 收集 member 表信息开始，当前线程:Thread-7
2020-09-30 14:01:32.392   INFO 72283 --- [getTableInfos:381] util.TableInfoUtils : 收集 member 表信息结束，共 3 个字段，当前线程:Thread-7
2020-09-30 14:01:32.392   INFO 72283 --- [getTableInfos:389] util.TableInfoUtils : 共收集到 1 张表的信息，当前线程:Thread-7
2020-09-30 14:01:32.392   INFO 72283 --- [setFieldExtendInfo:1218] util.TableInfoUtils : 收集 member 表字段扩展信息开始，当前线程:Thread-7
2020-09-30 14:01:32.395   INFO 72286 --- [setFieldExtendInfo:1301] util.TableInfoUtils : 收集 member 表字段扩展信息结束，当前线程:Thread-7
2020-09-30 14:01:32.403   INFO 72294 --- [createCustomFile:536] build.CustomFileBuilder : 根据模板生成自定义文件开始，当前线程:Thread-7
2020-09-30 14:01:32.413   INFO 72304 --- [saveFileByTemplate:972] util.CommonUtils : 保存模板 ${tableLowerCamelCase}Mapper[xml].ftl 生成的文件 memberMapper.xml 成功(合并)，当前线程:Thread-7
2020-09-30 14:01:32.414   INFO 72305 --- [createCustomFile:787] build.CustomFileBuilder : 根据模板生成自定义文件结束，共保存 1 个文件，当前线程:Thread-7
2020-09-30 14:01:32.416   INFO 72307 --- [createCustomFile:536] build.CustomFileBuilder : 根据模板生成自定义文件开始，当前线程:Thread-7
2020-09-30 14:01:32.426   INFO 72317 --- [saveFileByTemplate:981] util.CommonUtils : 保存模板 ${tableLowerCamelCase}[jsp].ftl 生成的文件 member.jsp 成功(覆盖)，当前线程:Thread-7
2020-09-30 14:01:32.428   INFO 72319 --- [createCustomFile:787] build.CustomFileBuilder : 根据模板生成自定义文件结束，共保存 1 个文件，当前线程:Thread-7
2020-09-30 14:01:32.429   INFO 72320 --- [createCustomFile:536] build.CustomFileBuilder : 根据模板生成自定义文件开始，当前线程:Thread-7
2020-09-30 14:01:32.435   INFO 72326 --- [saveFileByTemplate:981] util.CommonUtils : 保存模板 ${tableLowerCamelCase}[js].ftl 生成的文件 member.js 成功(覆盖)，当前线程:Thread-7
2020-09-30 14:01:32.438   INFO 72329 --- [createCustomFile:787] build.CustomFileBuilder : 根据模板生成自定义文件结束，共保存 1 个文件，当前线程:Thread-7
2020-09-30 14:01:32.438   INFO 72329 --- [createCustomFile:536] build.CustomFileBuilder : 根据模板生成自定义文件开始，当前线程:Thread-7
2020-09-30 14:01:32.443   INFO 72334 --- [saveFileByTemplate:981] util.CommonUtils : 保存模板 ${tableUpperCamelCase}Controller[java].ftl 生成的文件 MemberController.java 成功(覆盖)，当前线程:Thread-7
2020-09-30 14:01:32.445   INFO 72336 --- [createCustomFile:787] build.CustomFileBuilder : 根据模板生成自定义文件结束，共保存 1 个文件，当前线程:Thread-7
2020-09-30 14:01:32.446   INFO 72337 --- [createCustomFile:536] build.CustomFileBuilder : 根据模板生成自定义文件开始，当前线程:Thread-7
2020-09-30 14:01:32.456   INFO 72347 --- [saveFileByTemplate:972] util.CommonUtils : 保存模板 ${tableUpperCamelCase}Entity[java].ftl 生成的文件 MemberEntity.java 成功(合并)，当前线程:Thread-7
2020-09-30 14:01:32.458   INFO 72349 --- [createCustomFile:787] build.CustomFileBuilder : 根据模板生成自定义文件结束，共保存 1 个文件，当前线程:Thread-7
2020-09-30 14:01:32.460   INFO 72351 --- [createCustomFile:536] build.CustomFileBuilder : 根据模板生成自定义文件开始，当前线程:Thread-7
2020-09-30 14:01:32.464   INFO 72355 --- [saveFileByTemplate:981] util.CommonUtils : 保存模板 ${tableUpperCamelCase}Service[java].ftl 生成的文件 MemberService.java 成功(覆盖)，当前线程:Thread-7
2020-09-30 14:01:32.466   INFO 72357 --- [createCustomFile:787] build.CustomFileBuilder : 根据模板生成自定义文件结束，共保存 1 个文件，当前线程:Thread-7
2020-09-30 14:01:32.467   INFO 72358 --- [createCustomFile:536] build.CustomFileBuilder : 根据模板生成自定义文件开始，当前线程:Thread-7
2020-09-30 14:01:32.469   INFO 72360 --- [saveFileByTemplate:981] util.CommonUtils : 保存模板 ${tableUpperCamelCase}VO[java].ftl 生成的文件 MemberVO.java 成功(覆盖)，当前线程:Thread-7
2020-09-30 14:01:32.475   INFO 72366 --- [createCustomFile:787] build.CustomFileBuilder : 根据模板生成自定义文件结束，共保存 1 个文件，当前线程:Thread-7
2020-09-30 14:01:32.476   INFO 72367 --- [build:446] build.CustomFileBuilder : 文件保存目录：E:\TableGo\fileSavePath
2020-09-30 14:01:32.565   INFO 72456 --- [run:465] ui.ui.BuildCustomFileDialogUI : 根据模板生成自定义文件完成，共处理 1 张表，覆盖 5 个文件、合并 2 个文件，耗时 0.200 秒钟！
2020-09-30 14:04:30.351   INFO 250242 --- [getUserCustomTemplate:1432] util.CommonUtils : 获取用户自定义模板文件开始……
2020-09-30 14:04:30.351   INFO 250242 --- [getUserCustomTemplate:1439] util.CommonUtils : ftlFilePath：E:\resource\TableGo_20200520\TableGo_20200520\ftl\某项目框架前后端模板示例
2020-09-30 14:04:30.352   INFO 250243 --- [getUserCustomTemplate:1460] util.CommonUtils : ftlFileList：[E:\resource\TableGo_20200520\TableGo_20200520\ftl\某项目框架前后端模板示例\${tableLowerCamelCase}Mapper[xml].ftl, E:\resource\TableGo_20200520\TableGo_20200520\ftl\某项目框架前后端模板示例\${tableLowerCamelCase}[jsp].ftl, E:\resource\TableGo_20200520\TableGo_20200520\ftl\某项目框架前后端模板示例\${tableLowerCamelCase}[js].ftl, E:\resource\TableGo_20200520\TableGo_20200520\ftl\某项目框架前后端模板示例\${tableUpperCamelCase}Controller[java].ftl, E:\resource\TableGo_20200520\TableGo_20200520\ftl\某项目框架前后端模板示例\${tableUpperCamelCase}Entity[java].ftl, E:\resource\TableGo_20200520\TableGo_20200520\ftl\某项目框架前后端模板示例\${tableUpperCamelCase}Service[java].ftl, E:\resource\TableGo_20200520\TableGo_20200520\ftl\某项目框架前后端模板示例\${tableUpperCamelCase}VO[java].ftl]
2020-09-30 14:04:30.353   INFO 250244 --- [getUserCustomTemplate:1461] util.CommonUtils : 获取用户自定义模板文件结束……
2020-09-30 14:09:35.699   INFO 555590 --- [getUserCustomTemplate:1432] util.CommonUtils : 获取用户自定义模板文件开始……
2020-09-30 14:09:35.699   INFO 555590 --- [getUserCustomTemplate:1439] util.CommonUtils : ftlFilePath：E:\resource\TableGo_20200520\TableGo_20200520\ftl\某项目框架前后端模板示例
2020-09-30 14:09:35.700   INFO 555591 --- [getUserCustomTemplate:1460] util.CommonUtils : ftlFileList：[E:\resource\TableGo_20200520\TableGo_20200520\ftl\某项目框架前后端模板示例\${tableLowerCamelCase}Mapper[xml].ftl, E:\resource\TableGo_20200520\TableGo_20200520\ftl\某项目框架前后端模板示例\${tableLowerCamelCase}[jsp].ftl, E:\resource\TableGo_20200520\TableGo_20200520\ftl\某项目框架前后端模板示例\${tableLowerCamelCase}[js].ftl, E:\resource\TableGo_20200520\TableGo_20200520\ftl\某项目框架前后端模板示例\${tableUpperCamelCase}Controller[java].ftl, E:\resource\TableGo_20200520\TableGo_20200520\ftl\某项目框架前后端模板示例\${tableUpperCamelCase}Entity[java].ftl, E:\resource\TableGo_20200520\TableGo_20200520\ftl\某项目框架前后端模板示例\${tableUpperCamelCase}Service[java].ftl, E:\resource\TableGo_20200520\TableGo_20200520\ftl\某项目框架前后端模板示例\${tableUpperCamelCase}VO[java].ftl]
2020-09-30 14:09:35.701   INFO 555592 --- [getUserCustomTemplate:1461] util.CommonUtils : 获取用户自定义模板文件结束……
2020-09-30 14:09:42.940   INFO 562831 --- [buildCustomFileBtnActionPerformed:215] ui.ui.BuildCustomFileDialogUI : 根据模板生成自定义文件开始……
2020-09-30 14:09:42.944   INFO 562835 --- [getPoolDataSource:1333] util.UiCommonUtils : 获取数据源开始……
2020-09-30 14:09:42.958   INFO 562849 --- [getPoolDataSource:1346] util.UiCommonUtils : 获取数据源结束……
2020-09-30 14:09:44.599   INFO 564490 --- [getUserCustomTemplate:1432] util.CommonUtils : 获取用户自定义模板文件开始……
2020-09-30 14:09:44.600   INFO 564491 --- [getUserCustomTemplate:1439] util.CommonUtils : ftlFilePath：E:\resource\TableGo_20200520\TableGo_20200520\ftl\SpringBoot项目工程模板
2020-09-30 14:09:44.600   INFO 564491 --- [getUserCustomTemplate:1460] util.CommonUtils : ftlFileList：[E:\resource\TableGo_20200520\TableGo_20200520\ftl\SpringBoot项目工程模板\pom[xml].ftl]
2020-09-30 14:09:44.601   INFO 564492 --- [getUserCustomTemplate:1461] util.CommonUtils : 获取用户自定义模板文件结束……
2020-09-30 14:09:52.199   INFO 572090 --- [windowClosing:193] ui.ui.BuildCustomFileDialogUI : 生成自定义文件窗口关闭事件开始……
2020-09-30 14:09:52.199   INFO 572090 --- [saveUiConfig:704] ui.ui.BuildCustomFileDialogUI : 保存生成自定义文件界面用户参数配置文件开始……
2020-09-30 14:09:52.212   INFO 572103 --- [saveUiConfig:743] ui.ui.BuildCustomFileDialogUI : 保存生成自定义文件界面用户参数配置文件结束……
2020-09-30 14:09:52.213   INFO 572104 --- [windowClosing:195] ui.ui.BuildCustomFileDialogUI : 生成自定义文件窗口关闭事件结束……
2020-09-30 14:10:01.885   INFO 581776 --- [getUserCustomTemplate:1432] util.CommonUtils : 获取用户自定义模板文件开始……
2020-09-30 14:10:01.885   INFO 581776 --- [getUserCustomTemplate:1439] util.CommonUtils : ftlFilePath：E:\resource\TableGo_20200520\TableGo_20200520\ftl\SpringBoot项目工程模板
2020-09-30 14:10:01.886   INFO 581777 --- [getUserCustomTemplate:1460] util.CommonUtils : ftlFileList：[E:\resource\TableGo_20200520\TableGo_20200520\ftl\SpringBoot项目工程模板\pom[xml].ftl]
2020-09-30 14:10:01.886   INFO 581777 --- [getUserCustomTemplate:1461] util.CommonUtils : 获取用户自定义模板文件结束……
2020-09-30 14:10:07.458   INFO 587349 --- [getUserCustomTemplate:1432] util.CommonUtils : 获取用户自定义模板文件开始……
2020-09-30 14:10:07.458   INFO 587349 --- [getUserCustomTemplate:1439] util.CommonUtils : ftlFilePath：E:\resource\TableGo_20200520\TableGo_20200520\ftl\SpringBoot项目工程模板
2020-09-30 14:10:07.459   INFO 587350 --- [getUserCustomTemplate:1460] util.CommonUtils : ftlFileList：[E:\resource\TableGo_20200520\TableGo_20200520\ftl\SpringBoot项目工程模板\pom[xml].ftl]
2020-09-30 14:10:07.459   INFO 587350 --- [getUserCustomTemplate:1461] util.CommonUtils : 获取用户自定义模板文件结束……
2020-09-30 14:10:10.816   INFO 590707 --- [buildCustomFileBtnActionPerformed:215] ui.ui.BuildCustomFileDialogUI : 根据模板生成自定义文件开始……
2020-09-30 14:10:10.820   INFO 590711 --- [getPoolDataSource:1333] util.UiCommonUtils : 获取数据源开始……
2020-09-30 14:10:10.832   INFO 590723 --- [getPoolDataSource:1346] util.UiCommonUtils : 获取数据源结束……
2020-09-30 14:10:10.835   INFO 590726 --- [getTableNames:439] util.TableInfoUtils : 数据库: MySQL
2020-09-30 14:10:10.835   INFO 590726 --- [getTableNames:440] util.TableInfoUtils : 数据库版本: 5.7.31
2020-09-30 14:10:10.836   INFO 590727 --- [getTableNames:469] util.TableInfoUtils : 共查询到 1 张表的表名……
2020-09-30 14:10:10.836   INFO 590727 --- [getTableInfos:164] util.TableInfoUtils : 收集 member 表信息开始，当前线程:Thread-12
2020-09-30 14:10:10.839   INFO 590730 --- [getTableInfos:381] util.TableInfoUtils : 收集 member 表信息结束，共 3 个字段，当前线程:Thread-12
2020-09-30 14:10:10.839   INFO 590730 --- [getTableInfos:389] util.TableInfoUtils : 共收集到 1 张表的信息，当前线程:Thread-12
2020-09-30 14:10:10.839   INFO 590730 --- [setFieldExtendInfo:1218] util.TableInfoUtils : 收集 member 表字段扩展信息开始，当前线程:Thread-12
2020-09-30 14:10:10.841   INFO 590732 --- [setFieldExtendInfo:1301] util.TableInfoUtils : 收集 member 表字段扩展信息结束，当前线程:Thread-12
2020-09-30 14:10:10.846   INFO 590737 --- [createCustomFile:536] build.CustomFileBuilder : 根据模板生成自定义文件开始，当前线程:Thread-12
2020-09-30 14:10:10.851   INFO 590742 --- [saveFileByTemplate:994] util.CommonUtils : 保存模板 pom[xml].ftl 生成的文件 pom.xml 成功(新增)，当前线程:Thread-12
2020-09-30 14:10:10.852   INFO 590743 --- [createCustomFile:787] build.CustomFileBuilder : 根据模板生成自定义文件结束，共保存 1 个文件，当前线程:Thread-12
2020-09-30 14:10:10.853   INFO 590744 --- [build:446] build.CustomFileBuilder : 文件保存目录：E:\TableGo\fileSavePath
2020-09-30 14:10:10.924   INFO 590815 --- [run:465] ui.ui.BuildCustomFileDialogUI : 根据模板生成自定义文件完成，共处理 1 张表，新增 1 个文件，耗时 0.107 秒钟！
2020-09-30 14:10:13.423   INFO 593314 --- [buildCustomFileBtnActionPerformed:215] ui.ui.BuildCustomFileDialogUI : 根据模板生成自定义文件开始……
2020-09-30 14:10:13.426   INFO 593317 --- [getPoolDataSource:1333] util.UiCommonUtils : 获取数据源开始……
2020-09-30 14:10:13.435   INFO 593326 --- [getPoolDataSource:1346] util.UiCommonUtils : 获取数据源结束……
2020-09-30 14:10:13.437   INFO 593328 --- [getTableNames:439] util.TableInfoUtils : 数据库: MySQL
2020-09-30 14:10:13.437   INFO 593328 --- [getTableNames:440] util.TableInfoUtils : 数据库版本: 5.7.31
2020-09-30 14:10:13.437   INFO 593328 --- [getTableNames:469] util.TableInfoUtils : 共查询到 1 张表的表名……
2020-09-30 14:10:13.438   INFO 593329 --- [getTableInfos:164] util.TableInfoUtils : 收集 member 表信息开始，当前线程:Thread-13
2020-09-30 14:10:13.439   INFO 593330 --- [getTableInfos:381] util.TableInfoUtils : 收集 member 表信息结束，共 3 个字段，当前线程:Thread-13
2020-09-30 14:10:13.439   INFO 593330 --- [getTableInfos:389] util.TableInfoUtils : 共收集到 1 张表的信息，当前线程:Thread-13
2020-09-30 14:10:13.439   INFO 593330 --- [setFieldExtendInfo:1218] util.TableInfoUtils : 收集 member 表字段扩展信息开始，当前线程:Thread-13
2020-09-30 14:10:13.441   INFO 593332 --- [setFieldExtendInfo:1301] util.TableInfoUtils : 收集 member 表字段扩展信息结束，当前线程:Thread-13
2020-09-30 14:10:13.445   INFO 593336 --- [createCustomFile:536] build.CustomFileBuilder : 根据模板生成自定义文件开始，当前线程:Thread-13
2020-09-30 14:10:13.450   INFO 593341 --- [saveFileByTemplate:981] util.CommonUtils : 保存模板 pom[xml].ftl 生成的文件 pom.xml 成功(覆盖)，当前线程:Thread-13
2020-09-30 14:10:13.452   INFO 593343 --- [createCustomFile:787] build.CustomFileBuilder : 根据模板生成自定义文件结束，共保存 1 个文件，当前线程:Thread-13
2020-09-30 14:10:13.452   INFO 593343 --- [build:446] build.CustomFileBuilder : 文件保存目录：E:\TableGo\fileSavePath
2020-09-30 14:10:13.529   INFO 593420 --- [run:465] ui.ui.BuildCustomFileDialogUI : 根据模板生成自定义文件完成，共处理 1 张表，覆盖 1 个文件，耗时 0.105 秒钟！
2020-09-30 14:14:58.358   INFO 878249 --- [getUserCustomTemplate:1432] util.CommonUtils : 获取用户自定义模板文件开始……
2020-09-30 14:14:58.358   INFO 878249 --- [getUserCustomTemplate:1439] util.CommonUtils : ftlFilePath：E:\resource\TableGo_20200520\TableGo_20200520\ftl\SpringBoot项目工程模板
2020-09-30 14:14:58.359   INFO 878250 --- [getUserCustomTemplate:1460] util.CommonUtils : ftlFileList：[E:\resource\TableGo_20200520\TableGo_20200520\ftl\SpringBoot项目工程模板\${tableUpperCamelCase}Service[java].ftl, E:\resource\TableGo_20200520\TableGo_20200520\ftl\SpringBoot项目工程模板\pom[xml].ftl]
2020-09-30 14:14:58.359   INFO 878250 --- [getUserCustomTemplate:1461] util.CommonUtils : 获取用户自定义模板文件结束……
2020-09-30 14:15:56.159   INFO 936050 --- [windowClosing:193] ui.ui.BuildCustomFileDialogUI : 生成自定义文件窗口关闭事件开始……
2020-09-30 14:15:56.160   INFO 936051 --- [saveUiConfig:704] ui.ui.BuildCustomFileDialogUI : 保存生成自定义文件界面用户参数配置文件开始……
2020-09-30 14:15:56.165   INFO 936056 --- [saveUiConfig:743] ui.ui.BuildCustomFileDialogUI : 保存生成自定义文件界面用户参数配置文件结束……
2020-09-30 14:15:56.165   INFO 936056 --- [windowClosing:195] ui.ui.BuildCustomFileDialogUI : 生成自定义文件窗口关闭事件结束……
2020-09-30 14:16:09.696   INFO 949587 --- [windowClosing:167] ui.ui.BuildDbDocumentDialogUI : 生成数据库文档窗口关闭事件开始……
2020-09-30 14:16:09.697   INFO 949588 --- [saveUiConfig:547] ui.ui.BuildDbDocumentDialogUI : 保存生成数据库文档界面用户参数配置文件开始……
2020-09-30 14:16:09.704   INFO 949595 --- [saveUiConfig:567] ui.ui.BuildDbDocumentDialogUI : 保存生成数据库文档界面用户参数配置文件结束……
2020-09-30 14:16:09.704   INFO 949595 --- [windowClosing:169] ui.ui.BuildDbDocumentDialogUI : 生成数据库文档窗口关闭事件结束……
2020-09-30 14:16:11.440   INFO 951331 --- [windowClosing:584] ui.TableGoUI : TableGo关闭事件开始……
2020-09-30 14:16:11.443   INFO 951334 --- [saveUserDbConfig:217] util.CommonUtils : 保存用户数据库配置文件开始……
2020-09-30 14:16:11.447   INFO 951338 --- [saveUserDbConfig:251] util.CommonUtils : 保存用户数据库配置文件结束……
2020-09-30 14:16:11.447   INFO 951338 --- [saveUiConfig:1266] ui.TableGoUI : 保存TableGo主界面用户参数配置文件开始……
2020-09-30 14:16:11.450   INFO 951341 --- [saveUiConfig:1324] ui.TableGoUI : 保存TableGo主界面用户参数配置文件结束……
2020-09-30 14:16:11.450   INFO 951341 --- [windowClosing:593] ui.TableGoUI : TableGo关闭事件结束……
2020-09-30 14:28:49.053   INFO 639 --- [initLog4j:1577] util.CommonUtils : 初始化Log4j配置上下文成功！
2020-09-30 14:28:49.057   INFO 643 --- [main:1354] ui.TableGoUI : 当前系统的Java版本：1.8.0_261
2020-09-30 14:28:49.576   INFO 1162 --- [<init>:154] ui.TableGoUI : TableGo界面初始化开始……
2020-09-30 14:28:49.702   INFO 1288 --- [<init>:156] ui.TableGoUI : TableGo界面初始化结束……
2020-09-30 14:28:49.703   INFO 1289 --- [<init>:158] ui.TableGoUI : 动态加载数据库Jar包开始……
2020-09-30 14:28:49.704   INFO 1290 --- [loadJarFile:75] util.JarLoaderUtils : 动态加载Jar包：E:\resource\TableGo_20200520\TableGo_20200520\lib\db\mariadb-java-client-2.5.2.jar
2020-09-30 14:28:49.704   INFO 1290 --- [loadJarFile:75] util.JarLoaderUtils : 动态加载Jar包：E:\resource\TableGo_20200520\TableGo_20200520\lib\db\mssql-jdbc-7.4.1.jre8.jar
2020-09-30 14:28:49.705   INFO 1291 --- [loadJarFile:75] util.JarLoaderUtils : 动态加载Jar包：E:\resource\TableGo_20200520\TableGo_20200520\lib\db\mysql-connector-java-5.1.48.jar
2020-09-30 14:28:49.705   INFO 1291 --- [loadJarFile:75] util.JarLoaderUtils : 动态加载Jar包：E:\resource\TableGo_20200520\TableGo_20200520\lib\db\ojdbc8-12.2.0.1.0.jar
2020-09-30 14:28:49.705   INFO 1291 --- [loadJarFile:75] util.JarLoaderUtils : 动态加载Jar包：E:\resource\TableGo_20200520\TableGo_20200520\lib\db\postgresql-42.2.9.jar
2020-09-30 14:28:49.705   INFO 1291 --- [<init>:163] ui.TableGoUI : 动态加载数据库Jar包结束……
2020-09-30 14:28:49.706   INFO 1292 --- [<init>:165] ui.TableGoUI : 初始化用户自定义配置文件开始……
2020-09-30 14:28:49.706   INFO 1292 --- [<init>:167] ui.TableGoUI : 初始化用户自定义配置文件结束……
2020-09-30 14:29:01.963   INFO 13549 --- [getUserCustomTemplate:1432] util.CommonUtils : 获取用户自定义模板文件开始……
2020-09-30 14:29:01.963   INFO 13549 --- [getUserCustomTemplate:1439] util.CommonUtils : ftlFilePath：E:\resource\TableGo_20200520\TableGo_20200520\ftl\fattigermall
2020-09-30 14:29:01.963   INFO 13549 --- [getUserCustomTemplate:1460] util.CommonUtils : ftlFileList：[E:\resource\TableGo_20200520\TableGo_20200520\ftl\fattigermall\${tableUpperCamelCase}BizServiceImpl[java].ftl, E:\resource\TableGo_20200520\TableGo_20200520\ftl\fattigermall\${tableUpperCamelCase}BizService[java].ftl, E:\resource\TableGo_20200520\TableGo_20200520\ftl\fattigermall\${tableUpperCamelCase}Controller[java].ftl, E:\resource\TableGo_20200520\TableGo_20200520\ftl\fattigermall\${tableUpperCamelCase}DAO[java].ftl, E:\resource\TableGo_20200520\TableGo_20200520\ftl\fattigermall\${tableUpperCamelCase}DAO[xml].ftl, E:\resource\TableGo_20200520\TableGo_20200520\ftl\fattigermall\${tableUpperCamelCase}DTO[java].ftl, E:\resource\TableGo_20200520\TableGo_20200520\ftl\fattigermall\${tableUpperCamelCase}QueryVO[java].ftl, E:\resource\TableGo_20200520\TableGo_20200520\ftl\fattigermall\${tableUpperCamelCase}SaveVO[java].ftl, E:\resource\TableGo_20200520\TableGo_20200520\ftl\fattigermall\${tableUpperCamelCase}ServiceImpl[java].ftl, E:\resource\TableGo_20200520\TableGo_20200520\ftl\fattigermall\${tableUpperCamelCase}Service[java].ftl, E:\resource\TableGo_20200520\TableGo_20200520\ftl\fattigermall\${tableUpperCamelCase}[java].ftl]
2020-09-30 14:29:01.965   INFO 13551 --- [getUserCustomTemplate:1461] util.CommonUtils : 获取用户自定义模板文件结束……
2020-09-30 14:29:05.472   INFO 17058 --- [buildCustomFileBtnActionPerformed:215] ui.ui.BuildCustomFileDialogUI : 根据模板生成自定义文件开始……
2020-09-30 14:29:05.482   INFO 17068 --- [getPoolDataSource:1333] util.UiCommonUtils : 获取数据源开始……
2020-09-30 14:29:05.769   INFO 17355 --- [getPoolDataSource:1346] util.UiCommonUtils : 获取数据源结束……
2020-09-30 14:29:05.865   INFO 17451 --- [getTableNames:439] util.TableInfoUtils : 数据库: MySQL
2020-09-30 14:29:05.865   INFO 17451 --- [getTableNames:440] util.TableInfoUtils : 数据库版本: 5.7.31
2020-09-30 14:29:05.869   INFO 17455 --- [getTableNames:469] util.TableInfoUtils : 共查询到 1 张表的表名……
2020-09-30 14:29:05.869   INFO 17455 --- [getTableInfos:164] util.TableInfoUtils : 收集 member 表信息开始，当前线程:Thread-6
2020-09-30 14:29:05.879   INFO 17465 --- [getTableInfos:381] util.TableInfoUtils : 收集 member 表信息结束，共 3 个字段，当前线程:Thread-6
2020-09-30 14:29:05.879   INFO 17465 --- [getTableInfos:389] util.TableInfoUtils : 共收集到 1 张表的信息，当前线程:Thread-6
2020-09-30 14:29:05.879   INFO 17465 --- [setFieldExtendInfo:1218] util.TableInfoUtils : 收集 member 表字段扩展信息开始，当前线程:Thread-6
2020-09-30 14:29:05.884   INFO 17470 --- [setFieldExtendInfo:1301] util.TableInfoUtils : 收集 member 表字段扩展信息结束，当前线程:Thread-6
2020-09-30 14:29:05.926   INFO 17512 --- [createCustomFile:536] build.CustomFileBuilder : 根据模板生成自定义文件开始，当前线程:Thread-6
2020-09-30 14:29:06.023   INFO 17609 --- [saveFileByTemplate:994] util.CommonUtils : 保存模板 ${tableUpperCamelCase}BizServiceImpl[java].ftl 生成的文件 MemberBizServiceImpl.java 成功(新增)，当前线程:Thread-6
2020-09-30 14:29:06.029   INFO 17615 --- [createCustomFile:787] build.CustomFileBuilder : 根据模板生成自定义文件结束，共保存 1 个文件，当前线程:Thread-6
2020-09-30 14:29:06.031   INFO 17617 --- [createCustomFile:536] build.CustomFileBuilder : 根据模板生成自定义文件开始，当前线程:Thread-6
2020-09-30 14:29:06.036   INFO 17622 --- [saveFileByTemplate:994] util.CommonUtils : 保存模板 ${tableUpperCamelCase}BizService[java].ftl 生成的文件 MemberBizService.java 成功(新增)，当前线程:Thread-6
2020-09-30 14:29:06.040   INFO 17626 --- [createCustomFile:787] build.CustomFileBuilder : 根据模板生成自定义文件结束，共保存 1 个文件，当前线程:Thread-6
2020-09-30 14:29:06.041   INFO 17627 --- [createCustomFile:536] build.CustomFileBuilder : 根据模板生成自定义文件开始，当前线程:Thread-6
2020-09-30 14:29:06.077   INFO 17663 --- [saveFileByTemplate:981] util.CommonUtils : 保存模板 ${tableUpperCamelCase}Controller[java].ftl 生成的文件 MemberController.java 成功(覆盖)，当前线程:Thread-6
2020-09-30 14:29:06.084   INFO 17670 --- [createCustomFile:787] build.CustomFileBuilder : 根据模板生成自定义文件结束，共保存 1 个文件，当前线程:Thread-6
2020-09-30 14:29:06.085   INFO 17671 --- [createCustomFile:536] build.CustomFileBuilder : 根据模板生成自定义文件开始，当前线程:Thread-6
2020-09-30 14:29:06.089   INFO 17675 --- [saveFileByTemplate:994] util.CommonUtils : 保存模板 ${tableUpperCamelCase}DAO[java].ftl 生成的文件 MemberDAO.java 成功(新增)，当前线程:Thread-6
2020-09-30 14:29:06.094   INFO 17680 --- [createCustomFile:787] build.CustomFileBuilder : 根据模板生成自定义文件结束，共保存 1 个文件，当前线程:Thread-6
2020-09-30 14:29:06.095   INFO 17681 --- [createCustomFile:536] build.CustomFileBuilder : 根据模板生成自定义文件开始，当前线程:Thread-6
2020-09-30 14:29:06.099   INFO 17685 --- [saveFileByTemplate:994] util.CommonUtils : 保存模板 ${tableUpperCamelCase}DAO[xml].ftl 生成的文件 MemberDAO.xml 成功(新增)，当前线程:Thread-6
2020-09-30 14:29:06.103   INFO 17689 --- [createCustomFile:787] build.CustomFileBuilder : 根据模板生成自定义文件结束，共保存 1 个文件，当前线程:Thread-6
2020-09-30 14:29:06.104   INFO 17690 --- [createCustomFile:536] build.CustomFileBuilder : 根据模板生成自定义文件开始，当前线程:Thread-6
2020-09-30 14:29:06.114   INFO 17700 --- [saveFileByTemplate:994] util.CommonUtils : 保存模板 ${tableUpperCamelCase}DTO[java].ftl 生成的文件 MemberDTO.java 成功(新增)，当前线程:Thread-6
2020-09-30 14:29:06.119   INFO 17705 --- [createCustomFile:787] build.CustomFileBuilder : 根据模板生成自定义文件结束，共保存 1 个文件，当前线程:Thread-6
2020-09-30 14:29:06.120   INFO 17706 --- [createCustomFile:536] build.CustomFileBuilder : 根据模板生成自定义文件开始，当前线程:Thread-6
2020-09-30 14:29:06.126   INFO 17712 --- [saveFileByTemplate:994] util.CommonUtils : 保存模板 ${tableUpperCamelCase}QueryVO[java].ftl 生成的文件 MemberQueryVO.java 成功(新增)，当前线程:Thread-6
2020-09-30 14:29:06.130   INFO 17716 --- [createCustomFile:787] build.CustomFileBuilder : 根据模板生成自定义文件结束，共保存 1 个文件，当前线程:Thread-6
2020-09-30 14:29:06.131   INFO 17717 --- [createCustomFile:536] build.CustomFileBuilder : 根据模板生成自定义文件开始，当前线程:Thread-6
2020-09-30 14:29:06.137   INFO 17723 --- [saveFileByTemplate:994] util.CommonUtils : 保存模板 ${tableUpperCamelCase}SaveVO[java].ftl 生成的文件 MemberSaveVO.java 成功(新增)，当前线程:Thread-6
2020-09-30 14:29:06.141   INFO 17727 --- [createCustomFile:787] build.CustomFileBuilder : 根据模板生成自定义文件结束，共保存 1 个文件，当前线程:Thread-6
2020-09-30 14:29:06.142   INFO 17728 --- [createCustomFile:536] build.CustomFileBuilder : 根据模板生成自定义文件开始，当前线程:Thread-6
2020-09-30 14:29:06.145   INFO 17731 --- [saveFileByTemplate:994] util.CommonUtils : 保存模板 ${tableUpperCamelCase}ServiceImpl[java].ftl 生成的文件 MemberServiceImpl.java 成功(新增)，当前线程:Thread-6
2020-09-30 14:29:06.149   INFO 17735 --- [createCustomFile:787] build.CustomFileBuilder : 根据模板生成自定义文件结束，共保存 1 个文件，当前线程:Thread-6
2020-09-30 14:29:06.149   INFO 17735 --- [createCustomFile:536] build.CustomFileBuilder : 根据模板生成自定义文件开始，当前线程:Thread-6
2020-09-30 14:29:06.153   INFO 17739 --- [saveFileByTemplate:981] util.CommonUtils : 保存模板 ${tableUpperCamelCase}Service[java].ftl 生成的文件 MemberService.java 成功(覆盖)，当前线程:Thread-6
2020-09-30 14:29:06.161   INFO 17747 --- [createCustomFile:787] build.CustomFileBuilder : 根据模板生成自定义文件结束，共保存 1 个文件，当前线程:Thread-6
2020-09-30 14:29:06.162   INFO 17748 --- [createCustomFile:536] build.CustomFileBuilder : 根据模板生成自定义文件开始，当前线程:Thread-6
2020-09-30 14:29:06.167   INFO 17753 --- [saveFileByTemplate:994] util.CommonUtils : 保存模板 ${tableUpperCamelCase}[java].ftl 生成的文件 Member.java 成功(新增)，当前线程:Thread-6
2020-09-30 14:29:06.172   INFO 17758 --- [createCustomFile:787] build.CustomFileBuilder : 根据模板生成自定义文件结束，共保存 1 个文件，当前线程:Thread-6
2020-09-30 14:29:06.172   INFO 17758 --- [build:446] build.CustomFileBuilder : 文件保存目录：E:\TableGo\fileSavePath
2020-09-30 14:29:06.252   INFO 17838 --- [run:465] ui.ui.BuildCustomFileDialogUI : 根据模板生成自定义文件完成，共处理 1 张表，新增 9 个文件、覆盖 2 个文件，耗时 0.773 秒钟！
2020-09-30 14:32:04.271   INFO 195857 --- [windowClosing:193] ui.ui.BuildCustomFileDialogUI : 生成自定义文件窗口关闭事件开始……
2020-09-30 14:32:04.271   INFO 195857 --- [saveUiConfig:704] ui.ui.BuildCustomFileDialogUI : 保存生成自定义文件界面用户参数配置文件开始……
2020-09-30 14:32:04.287   INFO 195873 --- [saveUiConfig:743] ui.ui.BuildCustomFileDialogUI : 保存生成自定义文件界面用户参数配置文件结束……
2020-09-30 14:32:04.287   INFO 195873 --- [windowClosing:195] ui.ui.BuildCustomFileDialogUI : 生成自定义文件窗口关闭事件结束……
2020-09-30 14:32:04.792   INFO 196378 --- [windowClosing:584] ui.TableGoUI : TableGo关闭事件开始……
2020-09-30 14:32:04.798   INFO 196384 --- [saveUserDbConfig:217] util.CommonUtils : 保存用户数据库配置文件开始……
2020-09-30 14:32:04.805   INFO 196391 --- [saveUserDbConfig:251] util.CommonUtils : 保存用户数据库配置文件结束……
2020-09-30 14:32:04.805   INFO 196391 --- [saveUiConfig:1266] ui.TableGoUI : 保存TableGo主界面用户参数配置文件开始……
2020-09-30 14:32:04.809   INFO 196395 --- [saveUiConfig:1324] ui.TableGoUI : 保存TableGo主界面用户参数配置文件结束……
2020-09-30 14:32:04.809   INFO 196395 --- [windowClosing:593] ui.TableGoUI : TableGo关闭事件结束……
